objc[9063]: Class AXEmojiUtilities is implemented in both /Applications/Xcode.app/Contents/Developer/Platforms/iPhoneSimulator.platform/Developer/SDKs/iPhoneSimulator7.1.sdk/System/Library/PrivateFrameworks/AccessibilityUtilities.framework/AccessibilityUtilities and /Applications/Xcode.app/Contents/Developer/Platforms/iPhoneSimulator.platform/Developer/SDKs/iPhoneSimulator7.1.sdk/usr/lib/libAXSpeechManager.dylib. One of the two will be used. Which one is undefined.
2014-09-06 18:21:09.337 HelloWorld[9063:70b] Cannot find executable for CFBundle 0xa5b6da0 </Applications/Xcode.app/Contents/Developer/Platforms/iPhoneSimulator.platform/Developer/SDKs/iPhoneSimulator7.1.sdk/System/Library/AccessibilityBundles/GeoServices.axbundle> (not loaded)
2014-09-06 18:21:09.365 HelloWorld[9063:70b] Cannot find executable for CFBundle 0xa295c30 </Applications/Xcode.app/Contents/Developer/Platforms/iPhoneSimulator.platform/Developer/SDKs/iPhoneSimulator7.1.sdk/System/Library/AccessibilityBundles/CertUIFramework.axbundle> (not loaded)
2014-09-06 18:21:09.430 HelloWorld[9063:70b] Multi-tasking -> Device: YES, App: YES
2014-09-06 18:21:09.436 HelloWorld[9063:70b] Unlimited access to network resources
2014-09-06 18:21:09.438 HelloWorld[9063:70b] 

Started backup to iCloud! Please be careful.
Your application might rejected by Apple if you store too much data.
For more information please read "iOS Data Storage Guidelines"
You could find it at the following address https://developer.apple.com/icloud/documentation/data-storage/ .

2014-09-06 18:21:10.391 HelloWorld[9063:70b] Resetting plugins due to page load.
2014-09-06 18:21:10.477 HelloWorld[9063:70b] Finished load of: file:///Users/leovander/Library/Application%20Support/iPhone%20Simulator/7.1/Applications/81754252-53AC-4012-B561-94D51DF69519/HelloWorld.app/www/index.html
Terminating in response to SpringBoard's termination.
objc[9208]: Class AXEmojiUtilities is implemented in both /Applications/Xcode.app/Contents/Developer/Platforms/iPhoneSimulator.platform/Developer/SDKs/iPhoneSimulator7.1.sdk/System/Library/PrivateFrameworks/AccessibilityUtilities.framework/AccessibilityUtilities and /Applications/Xcode.app/Contents/Developer/Platforms/iPhoneSimulator.platform/Developer/SDKs/iPhoneSimulator7.1.sdk/usr/lib/libAXSpeechManager.dylib. One of the two will be used. Which one is undefined.
2014-09-06 18:21:53.995 HelloWorld[9208:70b] Cannot find executable for CFBundle 0xa4a6e20 </Applications/Xcode.app/Contents/Developer/Platforms/iPhoneSimulator.platform/Developer/SDKs/iPhoneSimulator7.1.sdk/System/Library/AccessibilityBundles/CertUIFramework.axbundle> (not loaded)
2014-09-06 18:21:54.001 HelloWorld[9208:70b] Cannot find executable for CFBundle 0xa57e7d0 </Applications/Xcode.app/Contents/Developer/Platforms/iPhoneSimulator.platform/Developer/SDKs/iPhoneSimulator7.1.sdk/System/Library/AccessibilityBundles/GeoServices.axbundle> (not loaded)
2014-09-06 18:21:54.028 HelloWorld[9208:70b] Multi-tasking -> Device: YES, App: YES
2014-09-06 18:21:54.034 HelloWorld[9208:70b] Unlimited access to network resources
2014-09-06 18:21:54.036 HelloWorld[9208:70b] 

Started backup to iCloud! Please be careful.
Your application might rejected by Apple if you store too much data.
For more information please read "iOS Data Storage Guidelines"
You could find it at the following address https://developer.apple.com/icloud/documentation/data-storage/ .

2014-09-06 18:21:54.140 HelloWorld[9208:70b] Resetting plugins due to page load.
2014-09-06 18:21:54.177 HelloWorld[9208:70b] Finished load of: file:///Users/leovander/Library/Application%20Support/iPhone%20Simulator/7.1/Applications/81754252-53AC-4012-B561-94D51DF69519/HelloWorld.app/www/index.html
objc[9570]: Class AXEmojiUtilities is implemented in both /Applications/Xcode.app/Contents/Developer/Platforms/iPhoneSimulator.platform/Developer/SDKs/iPhoneSimulator7.1.sdk/System/Library/PrivateFrameworks/AccessibilityUtilities.framework/AccessibilityUtilities and /Applications/Xcode.app/Contents/Developer/Platforms/iPhoneSimulator.platform/Developer/SDKs/iPhoneSimulator7.1.sdk/usr/lib/libAXSpeechManager.dylib. One of the two will be used. Which one is undefined.
2014-09-06 18:26:56.245 HelloWorld[9570:70b] Cannot find executable for CFBundle 0xa2618d0 </Applications/Xcode.app/Contents/Developer/Platforms/iPhoneSimulator.platform/Developer/SDKs/iPhoneSimulator7.1.sdk/System/Library/AccessibilityBundles/CertUIFramework.axbundle> (not loaded)
2014-09-06 18:26:56.296 HelloWorld[9570:70b] Cannot find executable for CFBundle 0xa359460 </Applications/Xcode.app/Contents/Developer/Platforms/iPhoneSimulator.platform/Developer/SDKs/iPhoneSimulator7.1.sdk/System/Library/AccessibilityBundles/GeoServices.axbundle> (not loaded)
2014-09-06 18:26:56.328 HelloWorld[9570:70b] Multi-tasking -> Device: YES, App: YES
2014-09-06 18:26:56.334 HelloWorld[9570:70b] Unlimited access to network resources
2014-09-06 18:26:56.336 HelloWorld[9570:70b] 

Started backup to iCloud! Please be careful.
Your application might rejected by Apple if you store too much data.
For more information please read "iOS Data Storage Guidelines"
You could find it at the following address https://developer.apple.com/icloud/documentation/data-storage/ .

2014-09-06 18:26:56.435 HelloWorld[9570:70b] Resetting plugins due to page load.
2014-09-06 18:26:56.495 HelloWorld[9570:70b] Finished load of: file:///Users/leovander/Library/Application%20Support/iPhone%20Simulator/7.1/Applications/81754252-53AC-4012-B561-94D51DF69519/HelloWorld.app/www/index.html
objc[9795]: Class AXEmojiUtilities is implemented in both /Applications/Xcode.app/Contents/Developer/Platforms/iPhoneSimulator.platform/Developer/SDKs/iPhoneSimulator7.1.sdk/System/Library/PrivateFrameworks/AccessibilityUtilities.framework/AccessibilityUtilities and /Applications/Xcode.app/Contents/Developer/Platforms/iPhoneSimulator.platform/Developer/SDKs/iPhoneSimulator7.1.sdk/usr/lib/libAXSpeechManager.dylib. One of the two will be used. Which one is undefined.
2014-09-06 18:32:15.958 HelloWorld[9795:70b] Cannot find executable for CFBundle 0xa290a60 </Applications/Xcode.app/Contents/Developer/Platforms/iPhoneSimulator.platform/Developer/SDKs/iPhoneSimulator7.1.sdk/System/Library/AccessibilityBundles/GeoServices.axbundle> (not loaded)
2014-09-06 18:32:15.964 HelloWorld[9795:70b] Cannot find executable for CFBundle 0xa5e1d90 </Applications/Xcode.app/Contents/Developer/Platforms/iPhoneSimulator.platform/Developer/SDKs/iPhoneSimulator7.1.sdk/System/Library/AccessibilityBundles/CertUIFramework.axbundle> (not loaded)
2014-09-06 18:32:16.043 HelloWorld[9795:70b] Multi-tasking -> Device: YES, App: YES
2014-09-06 18:32:16.049 HelloWorld[9795:70b] Unlimited access to network resources
2014-09-06 18:32:16.051 HelloWorld[9795:70b] 

Started backup to iCloud! Please be careful.
Your application might rejected by Apple if you store too much data.
For more information please read "iOS Data Storage Guidelines"
You could find it at the following address https://developer.apple.com/icloud/documentation/data-storage/ .

2014-09-06 18:32:16.303 HelloWorld[9795:70b] Resetting plugins due to page load.
2014-09-06 18:32:16.355 HelloWorld[9795:70b] Finished load of: file:///Users/leovander/Library/Application%20Support/iPhone%20Simulator/7.1/Applications/81754252-53AC-4012-B561-94D51DF69519/HelloWorld.app/www/index.html
objc[9943]: Class AXEmojiUtilities is implemented in both /Applications/Xcode.app/Contents/Developer/Platforms/iPhoneSimulator.platform/Developer/SDKs/iPhoneSimulator7.1.sdk/System/Library/PrivateFrameworks/AccessibilityUtilities.framework/AccessibilityUtilities and /Applications/Xcode.app/Contents/Developer/Platforms/iPhoneSimulator.platform/Developer/SDKs/iPhoneSimulator7.1.sdk/usr/lib/libAXSpeechManager.dylib. One of the two will be used. Which one is undefined.
2014-09-06 18:35:58.669 HelloWorld[9943:70b] Cannot find executable for CFBundle 0xa28fc90 </Applications/Xcode.app/Contents/Developer/Platforms/iPhoneSimulator.platform/Developer/SDKs/iPhoneSimulator7.1.sdk/System/Library/AccessibilityBundles/CertUIFramework.axbundle> (not loaded)
2014-09-06 18:35:58.673 HelloWorld[9943:70b] Cannot find executable for CFBundle 0xa2bc0d0 </Applications/Xcode.app/Contents/Developer/Platforms/iPhoneSimulator.platform/Developer/SDKs/iPhoneSimulator7.1.sdk/System/Library/AccessibilityBundles/GeoServices.axbundle> (not loaded)
2014-09-06 18:35:58.698 HelloWorld[9943:70b] Multi-tasking -> Device: YES, App: YES
2014-09-06 18:35:58.703 HelloWorld[9943:70b] Unlimited access to network resources
2014-09-06 18:35:58.705 HelloWorld[9943:70b] 

Started backup to iCloud! Please be careful.
Your application might rejected by Apple if you store too much data.
For more information please read "iOS Data Storage Guidelines"
You could find it at the following address https://developer.apple.com/icloud/documentation/data-storage/ .

2014-09-06 18:35:58.754 HelloWorld[9943:70b] Resetting plugins due to page load.
2014-09-06 18:35:58.796 HelloWorld[9943:70b] Finished load of: file:///Users/leovander/Library/Application%20Support/iPhone%20Simulator/7.1/Applications/81754252-53AC-4012-B561-94D51DF69519/HelloWorld.app/www/index.html
objc[10073]: Class AXEmojiUtilities is implemented in both /Applications/Xcode.app/Contents/Developer/Platforms/iPhoneSimulator.platform/Developer/SDKs/iPhoneSimulator7.1.sdk/System/Library/PrivateFrameworks/AccessibilityUtilities.framework/AccessibilityUtilities and /Applications/Xcode.app/Contents/Developer/Platforms/iPhoneSimulator.platform/Developer/SDKs/iPhoneSimulator7.1.sdk/usr/lib/libAXSpeechManager.dylib. One of the two will be used. Which one is undefined.
2014-09-06 18:37:01.740 HelloWorld[10073:70b] Cannot find executable for CFBundle 0xa395fe0 </Applications/Xcode.app/Contents/Developer/Platforms/iPhoneSimulator.platform/Developer/SDKs/iPhoneSimulator7.1.sdk/System/Library/AccessibilityBundles/CertUIFramework.axbundle> (not loaded)
2014-09-06 18:37:01.745 HelloWorld[10073:70b] Cannot find executable for CFBundle 0xa578cf0 </Applications/Xcode.app/Contents/Developer/Platforms/iPhoneSimulator.platform/Developer/SDKs/iPhoneSimulator7.1.sdk/System/Library/AccessibilityBundles/GeoServices.axbundle> (not loaded)
2014-09-06 18:37:01.793 HelloWorld[10073:70b] Multi-tasking -> Device: YES, App: YES
2014-09-06 18:37:01.799 HelloWorld[10073:70b] Unlimited access to network resources
2014-09-06 18:37:01.801 HelloWorld[10073:70b] 

Started backup to iCloud! Please be careful.
Your application might rejected by Apple if you store too much data.
For more information please read "iOS Data Storage Guidelines"
You could find it at the following address https://developer.apple.com/icloud/documentation/data-storage/ .

2014-09-06 18:37:01.896 HelloWorld[10073:70b] Resetting plugins due to page load.
2014-09-06 18:37:01.935 HelloWorld[10073:70b] Finished load of: file:///Users/leovander/Library/Application%20Support/iPhone%20Simulator/7.1/Applications/81754252-53AC-4012-B561-94D51DF69519/HelloWorld.app/www/index.html
objc[10272]: Class AXEmojiUtilities is implemented in both /Applications/Xcode.app/Contents/Developer/Platforms/iPhoneSimulator.platform/Developer/SDKs/iPhoneSimulator7.1.sdk/System/Library/PrivateFrameworks/AccessibilityUtilities.framework/AccessibilityUtilities and /Applications/Xcode.app/Contents/Developer/Platforms/iPhoneSimulator.platform/Developer/SDKs/iPhoneSimulator7.1.sdk/usr/lib/libAXSpeechManager.dylib. One of the two will be used. Which one is undefined.
2014-09-06 18:52:42.246 HelloWorld[10272:70b] Cannot find executable for CFBundle 0xa4538f0 </Applications/Xcode.app/Contents/Developer/Platforms/iPhoneSimulator.platform/Developer/SDKs/iPhoneSimulator7.1.sdk/System/Library/AccessibilityBundles/CertUIFramework.axbundle> (not loaded)
2014-09-06 18:52:42.250 HelloWorld[10272:70b] Cannot find executable for CFBundle 0xa337260 </Applications/Xcode.app/Contents/Developer/Platforms/iPhoneSimulator.platform/Developer/SDKs/iPhoneSimulator7.1.sdk/System/Library/AccessibilityBundles/GeoServices.axbundle> (not loaded)
2014-09-06 18:52:42.276 HelloWorld[10272:70b] Multi-tasking -> Device: YES, App: YES
2014-09-06 18:52:42.282 HelloWorld[10272:70b] Unlimited access to network resources
2014-09-06 18:52:42.284 HelloWorld[10272:70b] 

Started backup to iCloud! Please be careful.
Your application might rejected by Apple if you store too much data.
For more information please read "iOS Data Storage Guidelines"
You could find it at the following address https://developer.apple.com/icloud/documentation/data-storage/ .

2014-09-06 18:52:42.465 HelloWorld[10272:70b] Resetting plugins due to page load.
2014-09-06 18:52:53.474 HelloWorld[10272:4207] void SendDelegateMessage(NSInvocation *): delegate (webView:runJavaScriptAlertPanelWithMessage:initiatedByFrame:) failed to return after waiting 10 seconds. main run loop mode: kCFRunLoopDefaultMode
2014-09-06 18:52:53.484 HelloWorld[10272:70b] Finished load of: file:///Users/leovander/Library/Application%20Support/iPhone%20Simulator/7.1/Applications/20E3453D-FFE4-44D9-8FE4-4864302D6339/HelloWorld.app/www/index.html
objc[10346]: Class AXEmojiUtilities is implemented in both /Applications/Xcode.app/Contents/Developer/Platforms/iPhoneSimulator.platform/Developer/SDKs/iPhoneSimulator7.1.sdk/System/Library/PrivateFrameworks/AccessibilityUtilities.framework/AccessibilityUtilities and /Applications/Xcode.app/Contents/Developer/Platforms/iPhoneSimulator.platform/Developer/SDKs/iPhoneSimulator7.1.sdk/usr/lib/libAXSpeechManager.dylib. One of the two will be used. Which one is undefined.
2014-09-06 18:53:02.873 HelloWorld[10346:70b] Cannot find executable for CFBundle 0xa6a7e80 </Applications/Xcode.app/Contents/Developer/Platforms/iPhoneSimulator.platform/Developer/SDKs/iPhoneSimulator7.1.sdk/System/Library/AccessibilityBundles/CertUIFramework.axbundle> (not loaded)
2014-09-06 18:53:02.879 HelloWorld[10346:70b] Cannot find executable for CFBundle 0xa6c6d10 </Applications/Xcode.app/Contents/Developer/Platforms/iPhoneSimulator.platform/Developer/SDKs/iPhoneSimulator7.1.sdk/System/Library/AccessibilityBundles/GeoServices.axbundle> (not loaded)
2014-09-06 18:53:02.898 HelloWorld[10346:70b] Multi-tasking -> Device: YES, App: YES
2014-09-06 18:53:02.904 HelloWorld[10346:70b] Unlimited access to network resources
2014-09-06 18:53:02.906 HelloWorld[10346:70b] 

Started backup to iCloud! Please be careful.
Your application might rejected by Apple if you store too much data.
For more information please read "iOS Data Storage Guidelines"
You could find it at the following address https://developer.apple.com/icloud/documentation/data-storage/ .

2014-09-06 18:53:02.954 HelloWorld[10346:70b] Resetting plugins due to page load.
objc[10414]: Class AXEmojiUtilities is implemented in both /Applications/Xcode.app/Contents/Developer/Platforms/iPhoneSimulator.platform/Developer/SDKs/iPhoneSimulator7.1.sdk/System/Library/PrivateFrameworks/AccessibilityUtilities.framework/AccessibilityUtilities and /Applications/Xcode.app/Contents/Developer/Platforms/iPhoneSimulator.platform/Developer/SDKs/iPhoneSimulator7.1.sdk/usr/lib/libAXSpeechManager.dylib. One of the two will be used. Which one is undefined.
2014-09-06 18:53:23.096 HelloWorld[10414:70b] Cannot find executable for CFBundle 0xa241ec0 </Applications/Xcode.app/Contents/Developer/Platforms/iPhoneSimulator.platform/Developer/SDKs/iPhoneSimulator7.1.sdk/System/Library/AccessibilityBundles/CertUIFramework.axbundle> (not loaded)
2014-09-06 18:53:23.101 HelloWorld[10414:70b] Cannot find executable for CFBundle 0xa34be10 </Applications/Xcode.app/Contents/Developer/Platforms/iPhoneSimulator.platform/Developer/SDKs/iPhoneSimulator7.1.sdk/System/Library/AccessibilityBundles/GeoServices.axbundle> (not loaded)
2014-09-06 18:53:23.140 HelloWorld[10414:70b] Multi-tasking -> Device: YES, App: YES
2014-09-06 18:53:23.146 HelloWorld[10414:70b] Unlimited access to network resources
2014-09-06 18:53:23.148 HelloWorld[10414:70b] 

Started backup to iCloud! Please be careful.
Your application might rejected by Apple if you store too much data.
For more information please read "iOS Data Storage Guidelines"
You could find it at the following address https://developer.apple.com/icloud/documentation/data-storage/ .

2014-09-06 18:53:23.227 HelloWorld[10414:70b] Resetting plugins due to page load.
2014-09-06 18:55:14.030 HelloWorld[10414:3f07] void SendDelegateMessage(NSInvocation *): delegate (webView:runJavaScriptAlertPanelWithMessage:initiatedByFrame:) failed to return after waiting 10 seconds. main run loop mode: kCFRunLoopDefaultMode
2014-09-06 18:55:14.041 HelloWorld[10414:70b] Finished load of: file:///Users/leovander/Library/Application%20Support/iPhone%20Simulator/7.1/Applications/20E3453D-FFE4-44D9-8FE4-4864302D6339/HelloWorld.app/www/index.html
objc[10536]: Class AXEmojiUtilities is implemented in both /Applications/Xcode.app/Contents/Developer/Platforms/iPhoneSimulator.platform/Developer/SDKs/iPhoneSimulator7.1.sdk/System/Library/PrivateFrameworks/AccessibilityUtilities.framework/AccessibilityUtilities and /Applications/Xcode.app/Contents/Developer/Platforms/iPhoneSimulator.platform/Developer/SDKs/iPhoneSimulator7.1.sdk/usr/lib/libAXSpeechManager.dylib. One of the two will be used. Which one is undefined.
2014-09-06 18:56:43.871 HelloWorld[10536:70b] Cannot find executable for CFBundle 0xa4aaf40 </Applications/Xcode.app/Contents/Developer/Platforms/iPhoneSimulator.platform/Developer/SDKs/iPhoneSimulator7.1.sdk/System/Library/AccessibilityBundles/CertUIFramework.axbundle> (not loaded)
2014-09-06 18:56:43.875 HelloWorld[10536:70b] Cannot find executable for CFBundle 0xa390ef0 </Applications/Xcode.app/Contents/Developer/Platforms/iPhoneSimulator.platform/Developer/SDKs/iPhoneSimulator7.1.sdk/System/Library/AccessibilityBundles/GeoServices.axbundle> (not loaded)
2014-09-06 18:56:43.916 HelloWorld[10536:70b] Multi-tasking -> Device: YES, App: YES
2014-09-06 18:56:43.922 HelloWorld[10536:70b] Unlimited access to network resources
2014-09-06 18:56:43.924 HelloWorld[10536:70b] 

Started backup to iCloud! Please be careful.
Your application might rejected by Apple if you store too much data.
For more information please read "iOS Data Storage Guidelines"
You could find it at the following address https://developer.apple.com/icloud/documentation/data-storage/ .

2014-09-06 18:56:44.004 HelloWorld[10536:70b] Resetting plugins due to page load.
2014-09-06 18:56:44.055 HelloWorld[10536:70b] Finished load of: file:///Users/leovander/Library/Application%20Support/iPhone%20Simulator/7.1/Applications/20E3453D-FFE4-44D9-8FE4-4864302D6339/HelloWorld.app/www/index.html
objc[10655]: Class AXEmojiUtilities is implemented in both /Applications/Xcode.app/Contents/Developer/Platforms/iPhoneSimulator.platform/Developer/SDKs/iPhoneSimulator7.1.sdk/System/Library/PrivateFrameworks/AccessibilityUtilities.framework/AccessibilityUtilities and /Applications/Xcode.app/Contents/Developer/Platforms/iPhoneSimulator.platform/Developer/SDKs/iPhoneSimulator7.1.sdk/usr/lib/libAXSpeechManager.dylib. One of the two will be used. Which one is undefined.
2014-09-06 18:58:34.174 HelloWorld[10655:70b] Cannot find executable for CFBundle 0xb875920 </Applications/Xcode.app/Contents/Developer/Platforms/iPhoneSimulator.platform/Developer/SDKs/iPhoneSimulator7.1.sdk/System/Library/AccessibilityBundles/CertUIFramework.axbundle> (not loaded)
2014-09-06 18:58:34.178 HelloWorld[10655:70b] Cannot find executable for CFBundle 0xa433f10 </Applications/Xcode.app/Contents/Developer/Platforms/iPhoneSimulator.platform/Developer/SDKs/iPhoneSimulator7.1.sdk/System/Library/AccessibilityBundles/GeoServices.axbundle> (not loaded)
2014-09-06 18:58:34.199 HelloWorld[10655:70b] Multi-tasking -> Device: YES, App: YES
2014-09-06 18:58:34.206 HelloWorld[10655:70b] Unlimited access to network resources
2014-09-06 18:58:34.208 HelloWorld[10655:70b] 

Started backup to iCloud! Please be careful.
Your application might rejected by Apple if you store too much data.
For more information please read "iOS Data Storage Guidelines"
You could find it at the following address https://developer.apple.com/icloud/documentation/data-storage/ .

2014-09-06 18:58:34.264 HelloWorld[10655:70b] Resetting plugins due to page load.
2014-09-06 18:58:34.311 HelloWorld[10655:70b] Finished load of: file:///Users/leovander/Library/Application%20Support/iPhone%20Simulator/7.1/Applications/20E3453D-FFE4-44D9-8FE4-4864302D6339/HelloWorld.app/www/index.html
objc[10765]: Class AXEmojiUtilities is implemented in both /Applications/Xcode.app/Contents/Developer/Platforms/iPhoneSimulator.platform/Developer/SDKs/iPhoneSimulator7.1.sdk/System/Library/PrivateFrameworks/AccessibilityUtilities.framework/AccessibilityUtilities and /Applications/Xcode.app/Contents/Developer/Platforms/iPhoneSimulator.platform/Developer/SDKs/iPhoneSimulator7.1.sdk/usr/lib/libAXSpeechManager.dylib. One of the two will be used. Which one is undefined.
2014-09-06 18:58:53.045 HelloWorld[10765:70b] Cannot find executable for CFBundle 0xa23be60 </Applications/Xcode.app/Contents/Developer/Platforms/iPhoneSimulator.platform/Developer/SDKs/iPhoneSimulator7.1.sdk/System/Library/AccessibilityBundles/GeoServices.axbundle> (not loaded)
2014-09-06 18:58:53.050 HelloWorld[10765:70b] Cannot find executable for CFBundle 0xa31c6a0 </Applications/Xcode.app/Contents/Developer/Platforms/iPhoneSimulator.platform/Developer/SDKs/iPhoneSimulator7.1.sdk/System/Library/AccessibilityBundles/CertUIFramework.axbundle> (not loaded)
2014-09-06 18:58:53.090 HelloWorld[10765:70b] Multi-tasking -> Device: YES, App: YES
2014-09-06 18:58:53.095 HelloWorld[10765:70b] Unlimited access to network resources
2014-09-06 18:58:53.097 HelloWorld[10765:70b] 

Started backup to iCloud! Please be careful.
Your application might rejected by Apple if you store too much data.
For more information please read "iOS Data Storage Guidelines"
You could find it at the following address https://developer.apple.com/icloud/documentation/data-storage/ .

2014-09-06 18:58:53.174 HelloWorld[10765:70b] Resetting plugins due to page load.
2014-09-06 18:58:53.219 HelloWorld[10765:70b] Finished load of: file:///Users/leovander/Library/Application%20Support/iPhone%20Simulator/7.1/Applications/20E3453D-FFE4-44D9-8FE4-4864302D6339/HelloWorld.app/www/index.html
objc[10919]: Class AXEmojiUtilities is implemented in both /Applications/Xcode.app/Contents/Developer/Platforms/iPhoneSimulator.platform/Developer/SDKs/iPhoneSimulator7.1.sdk/System/Library/PrivateFrameworks/AccessibilityUtilities.framework/AccessibilityUtilities and /Applications/Xcode.app/Contents/Developer/Platforms/iPhoneSimulator.platform/Developer/SDKs/iPhoneSimulator7.1.sdk/usr/lib/libAXSpeechManager.dylib. One of the two will be used. Which one is undefined.
2014-09-06 18:59:32.828 HelloWorld[10919:70b] Cannot find executable for CFBundle 0xa35c2e0 </Applications/Xcode.app/Contents/Developer/Platforms/iPhoneSimulator.platform/Developer/SDKs/iPhoneSimulator7.1.sdk/System/Library/AccessibilityBundles/CertUIFramework.axbundle> (not loaded)
2014-09-06 18:59:32.832 HelloWorld[10919:70b] Cannot find executable for CFBundle 0xa3741a0 </Applications/Xcode.app/Contents/Developer/Platforms/iPhoneSimulator.platform/Developer/SDKs/iPhoneSimulator7.1.sdk/System/Library/AccessibilityBundles/GeoServices.axbundle> (not loaded)
2014-09-06 18:59:32.874 HelloWorld[10919:70b] Multi-tasking -> Device: YES, App: YES
2014-09-06 18:59:32.880 HelloWorld[10919:70b] Unlimited access to network resources
2014-09-06 18:59:32.881 HelloWorld[10919:70b] 

Started backup to iCloud! Please be careful.
Your application might rejected by Apple if you store too much data.
For more information please read "iOS Data Storage Guidelines"
You could find it at the following address https://developer.apple.com/icloud/documentation/data-storage/ .

2014-09-06 18:59:32.960 HelloWorld[10919:70b] Resetting plugins due to page load.
2014-09-06 18:59:33.005 HelloWorld[10919:70b] Finished load of: file:///Users/leovander/Library/Application%20Support/iPhone%20Simulator/7.1/Applications/20E3453D-FFE4-44D9-8FE4-4864302D6339/HelloWorld.app/www/index.html
